<?xml version="1.0" encoding="UTF-8"?>
<testng-results ignored="0" total="1" passed="1" failed="0" skipped="0">
  <reporter-output>
  </reporter-output>
  <suite started-at="2024-09-04T09:03:40 PDT" name="Suite" finished-at="2024-09-04T09:03:47 PDT" duration-ms="7797">
    <groups>
    </groups>
    <test started-at="2024-09-04T09:03:40 PDT" name="Test" finished-at="2024-09-04T09:03:47 PDT" duration-ms="7797">
      <class name="com.test.selenium.TestNG">
        <test-method is-config="true" signature="beforeMethod()[pri:0, instance:com.test.selenium.TestNG@45f45fa1]" started-at="2024-09-04T09:03:40 PDT" name="beforeMethod" finished-at="2024-09-04T09:03:44 PDT" duration-ms="4825" status="PASS">
          <reporter-output>
          </reporter-output>
        </test-method> <!-- beforeMethod -->
        <test-method signature="f()[pri:0, instance:com.test.selenium.TestNG@45f45fa1]" started-at="2024-09-04T09:03:44 PDT" name="f" finished-at="2024-09-04T09:03:47 PDT" duration-ms="2801" status="PASS">
          <reporter-output>
          </reporter-output>
        </test-method> <!-- f -->
        <test-method is-config="true" signature="afterMethod()[pri:0, instance:com.test.selenium.TestNG@45f45fa1]" started-at="2024-09-04T09:03:47 PDT" name="afterMethod" finished-at="2024-09-04T09:03:47 PDT" duration-ms="132" status="PASS">
          <reporter-output>
          </reporter-output>
        </test-method> <!-- afterMethod -->
      </class> <!-- com.test.selenium.TestNG -->
    </test> <!-- Test -->
  </suite> <!-- Suite -->
</testng-results>
