<?xml version="1.0" encoding="UTF-8"?>
<testng-results ignored="0" total="1" passed="1" failed="0" skipped="0">
  <reporter-output>
  </reporter-output>
  <suite started-at="2024-09-04T08:47:18 PDT" name="Suite" finished-at="2024-09-04T08:47:23 PDT" duration-ms="5213">
    <groups>
    </groups>
    <test started-at="2024-09-04T08:47:18 PDT" name="Test" finished-at="2024-09-04T08:47:23 PDT" duration-ms="5213">
      <class name="com.test.selenium.TestNG">
        <test-method is-config="true" signature="beforeMethod()[pri:0, instance:com.test.selenium.TestNG@543295b0]" started-at="2024-09-04T08:47:18 PDT" name="beforeMethod" finished-at="2024-09-04T08:47:20 PDT" duration-ms="2494" status="PASS">
          <reporter-output>
          </reporter-output>
        </test-method> <!-- beforeMethod -->
        <test-method signature="f()[pri:0, instance:com.test.selenium.TestNG@543295b0]" started-at="2024-09-04T08:47:20 PDT" name="f" finished-at="2024-09-04T08:47:23 PDT" duration-ms="2530" status="PASS">
          <reporter-output>
          </reporter-output>
        </test-method> <!-- f -->
        <test-method is-config="true" signature="afterMethod()[pri:0, instance:com.test.selenium.TestNG@543295b0]" started-at="2024-09-04T08:47:23 PDT" name="afterMethod" finished-at="2024-09-04T08:47:23 PDT" duration-ms="130" status="PASS">
          <reporter-output>
          </reporter-output>
        </test-method> <!-- afterMethod -->
      </class> <!-- com.test.selenium.TestNG -->
    </test> <!-- Test -->
  </suite> <!-- Suite -->
</testng-results>
